[2025-01-09 00:00:53,152] INFO [AdminClient clientId=connect-cluster-shared-admin] Node 0 disconnected. (org.apache.kafka.clients.NetworkClient:977)
[2025-01-09 00:05:53,321] INFO [AdminClient clientId=connect-cluster-shared-admin] Node 0 disconnected. (org.apache.kafka.clients.NetworkClient:977)
[2025-01-09 00:10:53,457] INFO [AdminClient clientId=connect-cluster-shared-admin] Node 0 disconnected. (org.apache.kafka.clients.NetworkClient:977)
[2025-01-09 00:15:53,582] INFO [AdminClient clientId=connect-cluster-shared-admin] Node 0 disconnected. (org.apache.kafka.clients.NetworkClient:977)
[2025-01-09 00:20:53,712] INFO [AdminClient clientId=connect-cluster-shared-admin] Node 0 disconnected. (org.apache.kafka.clients.NetworkClient:977)
[2025-01-09 00:25:53,844] INFO [AdminClient clientId=connect-cluster-shared-admin] Node 0 disconnected. (org.apache.kafka.clients.NetworkClient:977)
[2025-01-09 00:30:53,970] INFO [AdminClient clientId=connect-cluster-shared-admin] Node 0 disconnected. (org.apache.kafka.clients.NetworkClient:977)
[2025-01-09 00:33:09,687] INFO 127.0.0.1 - - [08/Jan/2025:19:03:09 +0000] "GET /connectors/elasticsearch-sink/status HTTP/1.1" 200 170 "-" "Mozilla/5.0 (Macintosh; Intel Mac OS X 10_15_7) AppleWebKit/537.36 (KHTML, like Gecko) Chrome/131.0.0.0 Safari/537.36" 46 (org.apache.kafka.connect.runtime.rest.RestServer:62)
[2025-01-09 00:33:11,046] INFO 127.0.0.1 - - [08/Jan/2025:19:03:11 +0000] "GET /connectors/elasticsearch-sink/status HTTP/1.1" 200 170 "-" "Mozilla/5.0 (Macintosh; Intel Mac OS X 10_15_7) AppleWebKit/537.36 (KHTML, like Gecko) Chrome/131.0.0.0 Safari/537.36" 19 (org.apache.kafka.connect.runtime.rest.RestServer:62)
[2025-01-09 00:35:49,327] INFO [Worker clientId=connect-1, groupId=connect-cluster] Session key updated (org.apache.kafka.connect.runtime.distributed.DistributedHerder:2331)
[2025-01-09 00:40:54,100] INFO [AdminClient clientId=connect-cluster-shared-admin] Node 0 disconnected. (org.apache.kafka.clients.NetworkClient:977)
[2025-01-09 00:45:54,235] INFO [AdminClient clientId=connect-cluster-shared-admin] Node 0 disconnected. (org.apache.kafka.clients.NetworkClient:977)
[2025-01-09 00:47:32,951] INFO [Worker clientId=connect-1, groupId=connect-cluster] Group coordinator 192.168.1.25:9092 (id: 2147483647 rack: null) is unavailable or invalid due to cause: session timed out without receiving a heartbeat response. isDisconnected: false. Rediscovery will be attempted. (org.apache.kafka.connect.runtime.distributed.WorkerCoordinator:969)
[2025-01-09 00:47:32,953] INFO [Worker clientId=connect-1, groupId=connect-cluster] Requesting disconnect from last known coordinator 192.168.1.25:9092 (id: 2147483647 rack: null) (org.apache.kafka.connect.runtime.distributed.WorkerCoordinator:982)
[2025-01-09 00:47:32,953] INFO [Worker clientId=connect-1, groupId=connect-cluster] Client requested disconnect from node 2147483647 (org.apache.kafka.clients.NetworkClient:324)
[2025-01-09 00:47:32,960] INFO [Worker clientId=connect-1, groupId=connect-cluster] Cancelled in-flight HEARTBEAT request with correlation id 16807 due to node 2147483647 being disconnected (elapsed time since creation: 9013ms, elapsed time since send: 9013ms, request timeout: 40000ms) (org.apache.kafka.clients.NetworkClient:344)
[2025-01-09 00:47:32,961] INFO [Worker clientId=connect-1, groupId=connect-cluster] Cancelled in-flight HEARTBEAT request with correlation id 16808 due to node 2147483647 being disconnected (elapsed time since creation: 6012ms, elapsed time since send: 6012ms, request timeout: 40000ms) (org.apache.kafka.clients.NetworkClient:344)
[2025-01-09 00:47:32,961] INFO [Worker clientId=connect-1, groupId=connect-cluster] Cancelled in-flight HEARTBEAT request with correlation id 16809 due to node 2147483647 being disconnected (elapsed time since creation: 3011ms, elapsed time since send: 3011ms, request timeout: 40000ms) (org.apache.kafka.clients.NetworkClient:344)
[2025-01-09 00:47:34,280] INFO [Worker clientId=connect-1, groupId=connect-cluster] Discovered group coordinator 192.168.1.25:9092 (id: 2147483647 rack: null) (org.apache.kafka.connect.runtime.distributed.WorkerCoordinator:906)
[2025-01-09 00:47:34,300] INFO [Worker clientId=connect-1, groupId=connect-cluster] Attempt to heartbeat with Generation{generationId=5, memberId='connect-1-f0a2948d-1cda-4309-896d-ed209e8d20d3', protocol='sessioned'} and group instance id Optional.empty failed due to UNKNOWN_MEMBER_ID, resetting generation (org.apache.kafka.connect.runtime.distributed.WorkerCoordinator:1226)
[2025-01-09 00:47:34,301] INFO [Worker clientId=connect-1, groupId=connect-cluster] Resetting generation and member id due to: encountered UNKNOWN_MEMBER_ID from HEARTBEAT response (org.apache.kafka.connect.runtime.distributed.WorkerCoordinator:1025)
[2025-01-09 00:47:34,304] INFO [Worker clientId=connect-1, groupId=connect-cluster] Rebalance started (org.apache.kafka.connect.runtime.distributed.WorkerCoordinator:231)
[2025-01-09 00:47:34,305] INFO [Worker clientId=connect-1, groupId=connect-cluster] (Re-)joining group (org.apache.kafka.connect.runtime.distributed.WorkerCoordinator:576)
[2025-01-09 00:47:34,309] INFO [Worker clientId=connect-1, groupId=connect-cluster] Request joining group due to: rebalance failed due to 'The group member needs to have a valid member id before actually entering a consumer group.' (MemberIdRequiredException) (org.apache.kafka.connect.runtime.distributed.WorkerCoordinator:1072)
[2025-01-09 00:47:34,309] INFO [Worker clientId=connect-1, groupId=connect-cluster] (Re-)joining group (org.apache.kafka.connect.runtime.distributed.WorkerCoordinator:576)
[2025-01-09 00:47:34,311] INFO [Worker clientId=connect-1, groupId=connect-cluster] Successfully joined group with generation Generation{generationId=7, memberId='connect-1-4a6835df-c0cd-481a-85c1-570199d4168d', protocol='sessioned'} (org.apache.kafka.connect.runtime.distributed.WorkerCoordinator:637)
[2025-01-09 00:47:34,322] INFO [Worker clientId=connect-1, groupId=connect-cluster] Successfully synced group in generation Generation{generationId=7, memberId='connect-1-4a6835df-c0cd-481a-85c1-570199d4168d', protocol='sessioned'} (org.apache.kafka.connect.runtime.distributed.WorkerCoordinator:812)
[2025-01-09 00:47:34,322] INFO [Worker clientId=connect-1, groupId=connect-cluster] Joined group at generation 7 with protocol version 2 and got assignment: Assignment{error=0, leader='connect-1-4a6835df-c0cd-481a-85c1-570199d4168d', leaderUrl='http://localhost:8083/', offset=18, connectorIds=[elasticsearch-sink], taskIds=[elasticsearch-sink-0], revokedConnectorIds=[], revokedTaskIds=[], delay=0} with rebalance delay: 0 (org.apache.kafka.connect.runtime.distributed.DistributedHerder:2463)
[2025-01-09 00:47:34,323] WARN [Worker clientId=connect-1, groupId=connect-cluster] Catching up to assignment's config offset. (org.apache.kafka.connect.runtime.distributed.DistributedHerder:1672)
[2025-01-09 00:47:34,323] INFO [Worker clientId=connect-1, groupId=connect-cluster] Current config state offset 4 is behind group assignment 18, reading to end of config log (org.apache.kafka.connect.runtime.distributed.DistributedHerder:1737)
[2025-01-09 00:47:34,325] INFO [Worker clientId=connect-1, groupId=connect-cluster] Finished reading to end of log and updated config snapshot, new config log offset: 18 (org.apache.kafka.connect.runtime.distributed.DistributedHerder:1764)
[2025-01-09 00:47:34,325] INFO [Worker clientId=connect-1, groupId=connect-cluster] Starting connectors and tasks using config offset 18 (org.apache.kafka.connect.runtime.distributed.DistributedHerder:1823)
[2025-01-09 00:47:34,325] INFO [Worker clientId=connect-1, groupId=connect-cluster] Finished starting connectors and tasks (org.apache.kafka.connect.runtime.distributed.DistributedHerder:1851)
[2025-01-09 00:55:54,365] INFO [AdminClient clientId=connect-cluster-shared-admin] Node 0 disconnected. (org.apache.kafka.clients.NetworkClient:977)
[2025-01-09 00:58:40,609] INFO Kafka Connect stopping (org.apache.kafka.connect.runtime.Connect:67)
[2025-01-09 00:58:40,613] INFO Stopping REST server (org.apache.kafka.connect.runtime.rest.RestServer:348)
[2025-01-09 00:58:40,642] INFO Stopped http_localhost8083@622f5b1d{HTTP/1.1, (http/1.1)}{localhost:8083} (org.eclipse.jetty.server.AbstractConnector:383)
[2025-01-09 00:58:40,643] INFO Stopped https_localhost8084@78938cbd{SSL, (ssl, http/1.1)}{localhost:8084} (org.eclipse.jetty.server.AbstractConnector:383)
[2025-01-09 00:58:40,644] INFO node0 Stopped scavenging (org.eclipse.jetty.server.session:149)
[2025-01-09 00:58:40,646] INFO REST server stopped (org.apache.kafka.connect.runtime.rest.RestServer:365)
[2025-01-09 00:58:40,646] INFO [Worker clientId=connect-1, groupId=connect-cluster] Herder stopping (org.apache.kafka.connect.runtime.distributed.DistributedHerder:806)
[2025-01-09 00:58:40,647] INFO [Worker clientId=connect-1, groupId=connect-cluster] Stopping connectors and tasks that are still assigned to this worker. (org.apache.kafka.connect.runtime.distributed.DistributedHerder:769)
[2025-01-09 00:58:40,648] INFO [elasticsearch-sink|worker] Stopping connector elasticsearch-sink (org.apache.kafka.connect.runtime.Worker:419)
[2025-01-09 00:58:40,648] INFO [elasticsearch-sink|worker] Scheduled shutdown for WorkerConnector{id=elasticsearch-sink} (org.apache.kafka.connect.runtime.WorkerConnector:267)
[2025-01-09 00:58:40,653] INFO [elasticsearch-sink|worker] Completed shutdown for WorkerConnector{id=elasticsearch-sink} (org.apache.kafka.connect.runtime.WorkerConnector:287)
[2025-01-09 00:58:40,654] INFO [elasticsearch-sink|task-0] Stopping task elasticsearch-sink-0 (org.apache.kafka.connect.runtime.Worker:1008)
[2025-01-09 00:58:40,663] INFO [elasticsearch-sink|task-0] [Consumer clientId=connector-consumer-elasticsearch-sink-0, groupId=connect-elasticsearch-sink] Revoke previously assigned partitions access-logs-0, creditcard-log-topic-0 (org.apache.kafka.clients.consumer.internals.ConsumerCoordinator:343)
[2025-01-09 00:58:40,664] INFO [elasticsearch-sink|task-0] [Consumer clientId=connector-consumer-elasticsearch-sink-0, groupId=connect-elasticsearch-sink] Member connector-consumer-elasticsearch-sink-0-00c7c05c-bc29-4d8c-9356-3aff57d4e947 sending LeaveGroup request to coordinator 192.168.1.25:9092 (id: 2147483647 rack: null) due to the consumer is being closed (org.apache.kafka.clients.consumer.internals.ConsumerCoordinator:1133)
[2025-01-09 00:58:40,667] INFO [elasticsearch-sink|task-0] [Consumer clientId=connector-consumer-elasticsearch-sink-0, groupId=connect-elasticsearch-sink] Resetting generation and member id due to: consumer pro-actively leaving the group (org.apache.kafka.clients.consumer.internals.ConsumerCoordinator:1025)
[2025-01-09 00:58:40,667] INFO [elasticsearch-sink|task-0] [Consumer clientId=connector-consumer-elasticsearch-sink-0, groupId=connect-elasticsearch-sink] Request joining group due to: consumer pro-actively leaving the group (org.apache.kafka.clients.consumer.internals.ConsumerCoordinator:1072)
[2025-01-09 00:58:40,694] INFO [elasticsearch-sink|task-0] Metrics scheduler closed (org.apache.kafka.common.metrics.Metrics:693)
[2025-01-09 00:58:40,694] INFO [elasticsearch-sink|task-0] Closing reporter org.apache.kafka.common.metrics.JmxReporter (org.apache.kafka.common.metrics.Metrics:697)
[2025-01-09 00:58:40,694] INFO [elasticsearch-sink|task-0] Metrics reporters closed (org.apache.kafka.common.metrics.Metrics:703)
[2025-01-09 00:58:40,695] INFO [elasticsearch-sink|task-0] App info kafka.consumer for connector-consumer-elasticsearch-sink-0 unregistered (org.apache.kafka.common.utils.AppInfoParser:83)
[2025-01-09 00:58:40,696] INFO [elasticsearch-sink|task-0] [Producer clientId=connector-dlq-producer-elasticsearch-sink-0] Closing the Kafka producer with timeoutMillis = 9223372036854775807 ms. (org.apache.kafka.clients.producer.KafkaProducer:1295)
[2025-01-09 00:58:40,697] INFO [elasticsearch-sink|task-0] Metrics scheduler closed (org.apache.kafka.common.metrics.Metrics:693)
[2025-01-09 00:58:40,697] INFO [elasticsearch-sink|task-0] Closing reporter org.apache.kafka.common.metrics.JmxReporter (org.apache.kafka.common.metrics.Metrics:697)
[2025-01-09 00:58:40,697] INFO [elasticsearch-sink|task-0] Metrics reporters closed (org.apache.kafka.common.metrics.Metrics:703)
[2025-01-09 00:58:40,697] INFO [elasticsearch-sink|task-0] App info kafka.producer for connector-dlq-producer-elasticsearch-sink-0 unregistered (org.apache.kafka.common.utils.AppInfoParser:83)
[2025-01-09 00:58:40,700] INFO [Worker clientId=connect-1, groupId=connect-cluster] Member connect-1-4a6835df-c0cd-481a-85c1-570199d4168d sending LeaveGroup request to coordinator 192.168.1.25:9092 (id: 2147483647 rack: null) due to the consumer is being closed (org.apache.kafka.connect.runtime.distributed.WorkerCoordinator:1133)
[2025-01-09 00:58:40,700] INFO [Worker clientId=connect-1, groupId=connect-cluster] Resetting generation and member id due to: consumer pro-actively leaving the group (org.apache.kafka.connect.runtime.distributed.WorkerCoordinator:1025)
[2025-01-09 00:58:40,700] WARN [Worker clientId=connect-1, groupId=connect-cluster] Close timed out with 1 pending requests to coordinator, terminating client connections (org.apache.kafka.connect.runtime.distributed.WorkerCoordinator:1110)
[2025-01-09 00:58:40,700] INFO Metrics scheduler closed (org.apache.kafka.common.metrics.Metrics:693)
[2025-01-09 00:58:40,700] INFO Closing reporter org.apache.kafka.common.metrics.JmxReporter (org.apache.kafka.common.metrics.Metrics:697)
[2025-01-09 00:58:40,700] INFO Metrics reporters closed (org.apache.kafka.common.metrics.Metrics:703)
[2025-01-09 00:58:40,701] INFO App info kafka.connect for connect-1 unregistered (org.apache.kafka.common.utils.AppInfoParser:83)
[2025-01-09 00:58:40,701] INFO Stopping KafkaBasedLog for topic connect-status (org.apache.kafka.connect.util.KafkaBasedLog:292)
[2025-01-09 00:58:40,702] INFO [Producer clientId=connect-cluster-statuses] Closing the Kafka producer with timeoutMillis = 9223372036854775807 ms. (org.apache.kafka.clients.producer.KafkaProducer:1295)
[2025-01-09 00:58:40,702] INFO Metrics scheduler closed (org.apache.kafka.common.metrics.Metrics:693)
[2025-01-09 00:58:40,702] INFO Closing reporter org.apache.kafka.common.metrics.JmxReporter (org.apache.kafka.common.metrics.Metrics:697)
[2025-01-09 00:58:40,702] INFO Metrics reporters closed (org.apache.kafka.common.metrics.Metrics:703)
[2025-01-09 00:58:40,702] INFO App info kafka.producer for connect-cluster-statuses unregistered (org.apache.kafka.common.utils.AppInfoParser:83)
[2025-01-09 00:58:40,702] INFO [Consumer clientId=connect-cluster-statuses, groupId=connect-cluster] Resetting generation and member id due to: consumer pro-actively leaving the group (org.apache.kafka.clients.consumer.internals.ConsumerCoordinator:1025)
[2025-01-09 00:58:40,702] INFO [Consumer clientId=connect-cluster-statuses, groupId=connect-cluster] Request joining group due to: consumer pro-actively leaving the group (org.apache.kafka.clients.consumer.internals.ConsumerCoordinator:1072)
[2025-01-09 00:58:41,204] INFO Metrics scheduler closed (org.apache.kafka.common.metrics.Metrics:693)
[2025-01-09 00:58:41,204] INFO Closing reporter org.apache.kafka.common.metrics.JmxReporter (org.apache.kafka.common.metrics.Metrics:697)
[2025-01-09 00:58:41,204] INFO Metrics reporters closed (org.apache.kafka.common.metrics.Metrics:703)
[2025-01-09 00:58:41,207] INFO App info kafka.consumer for connect-cluster-statuses unregistered (org.apache.kafka.common.utils.AppInfoParser:83)
[2025-01-09 00:58:41,207] INFO Stopped KafkaBasedLog for topic connect-status (org.apache.kafka.connect.util.KafkaBasedLog:316)
[2025-01-09 00:58:41,208] INFO Closing KafkaConfigBackingStore (org.apache.kafka.connect.storage.KafkaConfigBackingStore:398)
[2025-01-09 00:58:41,208] INFO Stopping KafkaBasedLog for topic connect-configs (org.apache.kafka.connect.util.KafkaBasedLog:292)
[2025-01-09 00:58:41,208] INFO [Producer clientId=connect-cluster-configs] Closing the Kafka producer with timeoutMillis = 9223372036854775807 ms. (org.apache.kafka.clients.producer.KafkaProducer:1295)
[2025-01-09 00:58:41,214] INFO Metrics scheduler closed (org.apache.kafka.common.metrics.Metrics:693)
[2025-01-09 00:58:41,214] INFO Closing reporter org.apache.kafka.common.metrics.JmxReporter (org.apache.kafka.common.metrics.Metrics:697)
[2025-01-09 00:58:41,214] INFO Metrics reporters closed (org.apache.kafka.common.metrics.Metrics:703)
[2025-01-09 00:58:41,214] INFO App info kafka.producer for connect-cluster-configs unregistered (org.apache.kafka.common.utils.AppInfoParser:83)
[2025-01-09 00:58:41,214] INFO [Consumer clientId=connect-cluster-configs, groupId=connect-cluster] Resetting generation and member id due to: consumer pro-actively leaving the group (org.apache.kafka.clients.consumer.internals.ConsumerCoordinator:1025)
[2025-01-09 00:58:41,214] INFO [Consumer clientId=connect-cluster-configs, groupId=connect-cluster] Request joining group due to: consumer pro-actively leaving the group (org.apache.kafka.clients.consumer.internals.ConsumerCoordinator:1072)
[2025-01-09 00:58:41,699] INFO Metrics scheduler closed (org.apache.kafka.common.metrics.Metrics:693)
[2025-01-09 00:58:41,700] INFO Closing reporter org.apache.kafka.common.metrics.JmxReporter (org.apache.kafka.common.metrics.Metrics:697)
[2025-01-09 00:58:41,700] INFO Metrics reporters closed (org.apache.kafka.common.metrics.Metrics:703)
[2025-01-09 00:58:41,702] INFO App info kafka.consumer for connect-cluster-configs unregistered (org.apache.kafka.common.utils.AppInfoParser:83)
[2025-01-09 00:58:41,702] INFO Stopped KafkaBasedLog for topic connect-configs (org.apache.kafka.connect.util.KafkaBasedLog:316)
[2025-01-09 00:58:41,702] INFO Closed KafkaConfigBackingStore (org.apache.kafka.connect.storage.KafkaConfigBackingStore:404)
[2025-01-09 00:58:41,702] INFO Worker stopping (org.apache.kafka.connect.runtime.Worker:247)
[2025-01-09 00:58:41,704] INFO Stopping KafkaOffsetBackingStore (org.apache.kafka.connect.storage.KafkaOffsetBackingStore:269)
[2025-01-09 00:58:41,704] INFO Stopping KafkaBasedLog for topic connect-offsets (org.apache.kafka.connect.util.KafkaBasedLog:292)
[2025-01-09 00:58:41,704] INFO [Producer clientId=connect-cluster-offsets] Closing the Kafka producer with timeoutMillis = 9223372036854775807 ms. (org.apache.kafka.clients.producer.KafkaProducer:1295)
[2025-01-09 00:58:41,706] INFO Metrics scheduler closed (org.apache.kafka.common.metrics.Metrics:693)
[2025-01-09 00:58:41,706] INFO Closing reporter org.apache.kafka.common.metrics.JmxReporter (org.apache.kafka.common.metrics.Metrics:697)
[2025-01-09 00:58:41,706] INFO Metrics reporters closed (org.apache.kafka.common.metrics.Metrics:703)
[2025-01-09 00:58:41,707] INFO App info kafka.producer for connect-cluster-offsets unregistered (org.apache.kafka.common.utils.AppInfoParser:83)
[2025-01-09 00:58:41,707] INFO [Consumer clientId=connect-cluster-offsets, groupId=connect-cluster] Resetting generation and member id due to: consumer pro-actively leaving the group (org.apache.kafka.clients.consumer.internals.ConsumerCoordinator:1025)
[2025-01-09 00:58:41,707] INFO [Consumer clientId=connect-cluster-offsets, groupId=connect-cluster] Request joining group due to: consumer pro-actively leaving the group (org.apache.kafka.clients.consumer.internals.ConsumerCoordinator:1072)
[2025-01-09 00:58:42,205] INFO Metrics scheduler closed (org.apache.kafka.common.metrics.Metrics:693)
[2025-01-09 00:58:42,206] INFO Closing reporter org.apache.kafka.common.metrics.JmxReporter (org.apache.kafka.common.metrics.Metrics:697)
[2025-01-09 00:58:42,207] INFO Metrics reporters closed (org.apache.kafka.common.metrics.Metrics:703)
[2025-01-09 00:58:42,208] INFO App info kafka.consumer for connect-cluster-offsets unregistered (org.apache.kafka.common.utils.AppInfoParser:83)
[2025-01-09 00:58:42,208] INFO Stopped KafkaBasedLog for topic connect-offsets (org.apache.kafka.connect.util.KafkaBasedLog:316)
[2025-01-09 00:58:42,209] INFO Stopped KafkaOffsetBackingStore (org.apache.kafka.connect.storage.KafkaOffsetBackingStore:277)
[2025-01-09 00:58:42,209] INFO Metrics scheduler closed (org.apache.kafka.common.metrics.Metrics:693)
[2025-01-09 00:58:42,209] INFO Closing reporter org.apache.kafka.common.metrics.JmxReporter (org.apache.kafka.common.metrics.Metrics:697)
[2025-01-09 00:58:42,209] INFO Metrics reporters closed (org.apache.kafka.common.metrics.Metrics:703)
[2025-01-09 00:58:42,209] INFO App info kafka.connect for localhost:8083 unregistered (org.apache.kafka.common.utils.AppInfoParser:83)
[2025-01-09 00:58:42,209] INFO Worker stopped (org.apache.kafka.connect.runtime.Worker:268)
[2025-01-09 00:58:42,211] INFO App info kafka.admin.client for connect-cluster-shared-admin unregistered (org.apache.kafka.common.utils.AppInfoParser:83)
[2025-01-09 00:58:42,213] INFO Metrics scheduler closed (org.apache.kafka.common.metrics.Metrics:693)
[2025-01-09 00:58:42,213] INFO Closing reporter org.apache.kafka.common.metrics.JmxReporter (org.apache.kafka.common.metrics.Metrics:697)
[2025-01-09 00:58:42,213] INFO Metrics reporters closed (org.apache.kafka.common.metrics.Metrics:703)
[2025-01-09 00:58:42,213] INFO [Worker clientId=connect-1, groupId=connect-cluster] Herder stopped (org.apache.kafka.connect.runtime.distributed.DistributedHerder:376)
[2025-01-09 00:58:42,213] INFO [Worker clientId=connect-1, groupId=connect-cluster] Herder stopped (org.apache.kafka.connect.runtime.distributed.DistributedHerder:813)
[2025-01-09 00:58:42,213] INFO Kafka Connect stopped (org.apache.kafka.connect.runtime.Connect:72)
