[2025-01-14 23:06:32,965] INFO [GroupCoordinator 0]: Preparing to rebalance group credit-card-consumer-group in state PreparingRebalance with old generation 41 (__consumer_offsets-19) (reason: Removing member consumer-credit-card-consumer-group-2-50a4d937-cb13-49e2-afe4-3f26439ea09d on LeaveGroup; client reason: the consumer unsubscribed from all topics) (kafka.coordinator.group.GroupCoordinator)
[2025-01-14 23:06:32,969] INFO [GroupCoordinator 0]: Member MemberMetadata(memberId=consumer-credit-card-consumer-group-2-50a4d937-cb13-49e2-afe4-3f26439ea09d, groupInstanceId=None, clientId=consumer-credit-card-consumer-group-2, clientHost=/192.168.1.25, sessionTimeoutMs=45000, rebalanceTimeoutMs=300000, supportedProtocols=List(range, cooperative-sticky)) has left group credit-card-consumer-group through explicit `LeaveGroup`; client reason: the consumer unsubscribed from all topics (kafka.coordinator.group.GroupCoordinator)
[2025-01-14 23:06:32,970] INFO [GroupCoordinator 0]: Member MemberMetadata(memberId=consumer-credit-card-consumer-group-3-4f238026-da8f-4453-b3d1-f9197438658d, groupInstanceId=None, clientId=consumer-credit-card-consumer-group-3, clientHost=/192.168.1.25, sessionTimeoutMs=45000, rebalanceTimeoutMs=300000, supportedProtocols=List(range, cooperative-sticky)) has left group credit-card-consumer-group through explicit `LeaveGroup`; client reason: the consumer unsubscribed from all topics (kafka.coordinator.group.GroupCoordinator)
[2025-01-14 23:06:32,970] INFO [GroupCoordinator 0]: Member MemberMetadata(memberId=consumer-credit-card-consumer-group-4-abad356d-7047-4002-b7f9-0141b98b75ba, groupInstanceId=None, clientId=consumer-credit-card-consumer-group-4, clientHost=/192.168.1.25, sessionTimeoutMs=45000, rebalanceTimeoutMs=300000, supportedProtocols=List(range, cooperative-sticky)) has left group credit-card-consumer-group through explicit `LeaveGroup`; client reason: the consumer unsubscribed from all topics (kafka.coordinator.group.GroupCoordinator)
[2025-01-14 23:06:32,971] INFO [GroupCoordinator 0]: Group credit-card-consumer-group with generation 42 is now empty (__consumer_offsets-19) (kafka.coordinator.group.GroupCoordinator)
[2025-01-14 23:06:32,976] INFO [GroupCoordinator 0]: Member MemberMetadata(memberId=consumer-credit-card-consumer-group-1-c0dcf44a-a5f0-497f-afca-3debaf5ce2a6, groupInstanceId=None, clientId=consumer-credit-card-consumer-group-1, clientHost=/192.168.1.25, sessionTimeoutMs=45000, rebalanceTimeoutMs=300000, supportedProtocols=List(range, cooperative-sticky)) has left group credit-card-consumer-group through explicit `LeaveGroup`; client reason: the consumer unsubscribed from all topics (kafka.coordinator.group.GroupCoordinator)
[2025-01-14 23:06:35,985] INFO [GroupCoordinator 0]: Dynamic member with unknown member id joins group credit-card-consumer-group in Empty state. Created a new member id consumer-credit-card-consumer-group-2-f09fc143-0c73-49d3-9379-f6b4065efd06 and request the member to rejoin with this id. (kafka.coordinator.group.GroupCoordinator)
[2025-01-14 23:06:35,986] INFO [GroupCoordinator 0]: Dynamic member with unknown member id joins group credit-card-consumer-group in Empty state. Created a new member id consumer-credit-card-consumer-group-4-44c44fdc-eac9-40f4-b789-78c0cb287dc9 and request the member to rejoin with this id. (kafka.coordinator.group.GroupCoordinator)
[2025-01-14 23:06:35,986] INFO [GroupCoordinator 0]: Dynamic member with unknown member id joins group credit-card-consumer-group in Empty state. Created a new member id consumer-credit-card-consumer-group-1-e796817d-78aa-4510-8ee4-3eb9824ff1e4 and request the member to rejoin with this id. (kafka.coordinator.group.GroupCoordinator)
[2025-01-14 23:06:35,986] INFO [GroupCoordinator 0]: Dynamic member with unknown member id joins group credit-card-consumer-group in Empty state. Created a new member id consumer-credit-card-consumer-group-3-7bbaa587-3131-41a3-b4ee-be6685dfa492 and request the member to rejoin with this id. (kafka.coordinator.group.GroupCoordinator)
[2025-01-14 23:06:35,987] INFO [GroupCoordinator 0]: Preparing to rebalance group credit-card-consumer-group in state PreparingRebalance with old generation 42 (__consumer_offsets-19) (reason: Adding new member consumer-credit-card-consumer-group-4-44c44fdc-eac9-40f4-b789-78c0cb287dc9 with group instance id None; client reason: rebalance failed due to MemberIdRequiredException) (kafka.coordinator.group.GroupCoordinator)
[2025-01-14 23:06:35,988] INFO [GroupCoordinator 0]: Stabilized group credit-card-consumer-group generation 43 (__consumer_offsets-19) with 3 members (kafka.coordinator.group.GroupCoordinator)
[2025-01-14 23:06:35,993] INFO [GroupCoordinator 0]: Preparing to rebalance group credit-card-consumer-group in state PreparingRebalance with old generation 43 (__consumer_offsets-19) (reason: Adding new member consumer-credit-card-consumer-group-3-7bbaa587-3131-41a3-b4ee-be6685dfa492 with group instance id None; client reason: rebalance failed due to MemberIdRequiredException) (kafka.coordinator.group.GroupCoordinator)
[2025-01-14 23:06:36,002] INFO [GroupCoordinator 0]: Stabilized group credit-card-consumer-group generation 44 (__consumer_offsets-19) with 4 members (kafka.coordinator.group.GroupCoordinator)
[2025-01-14 23:06:36,004] INFO [GroupCoordinator 0]: Assignment received from leader consumer-credit-card-consumer-group-4-44c44fdc-eac9-40f4-b789-78c0cb287dc9 for group credit-card-consumer-group for generation 44. The group has 4 members, 0 of which are static. (kafka.coordinator.group.GroupCoordinator)
[2025-01-14 23:10:26,974] INFO [GroupCoordinator 0]: Preparing to rebalance group credit-card-consumer-group in state PreparingRebalance with old generation 44 (__consumer_offsets-19) (reason: Removing member consumer-credit-card-consumer-group-2-f09fc143-0c73-49d3-9379-f6b4065efd06 on LeaveGroup; client reason: the consumer unsubscribed from all topics) (kafka.coordinator.group.GroupCoordinator)
[2025-01-14 23:10:26,975] INFO [GroupCoordinator 0]: Member MemberMetadata(memberId=consumer-credit-card-consumer-group-2-f09fc143-0c73-49d3-9379-f6b4065efd06, groupInstanceId=None, clientId=consumer-credit-card-consumer-group-2, clientHost=/192.168.1.25, sessionTimeoutMs=45000, rebalanceTimeoutMs=300000, supportedProtocols=List(range, cooperative-sticky)) has left group credit-card-consumer-group through explicit `LeaveGroup`; client reason: the consumer unsubscribed from all topics (kafka.coordinator.group.GroupCoordinator)
[2025-01-14 23:10:26,976] INFO [GroupCoordinator 0]: Member MemberMetadata(memberId=consumer-credit-card-consumer-group-3-7bbaa587-3131-41a3-b4ee-be6685dfa492, groupInstanceId=None, clientId=consumer-credit-card-consumer-group-3, clientHost=/192.168.1.25, sessionTimeoutMs=45000, rebalanceTimeoutMs=300000, supportedProtocols=List(range, cooperative-sticky)) has left group credit-card-consumer-group through explicit `LeaveGroup`; client reason: the consumer unsubscribed from all topics (kafka.coordinator.group.GroupCoordinator)
[2025-01-14 23:10:26,991] INFO [GroupCoordinator 0]: Member MemberMetadata(memberId=consumer-credit-card-consumer-group-4-44c44fdc-eac9-40f4-b789-78c0cb287dc9, groupInstanceId=None, clientId=consumer-credit-card-consumer-group-4, clientHost=/192.168.1.25, sessionTimeoutMs=45000, rebalanceTimeoutMs=300000, supportedProtocols=List(range, cooperative-sticky)) has left group credit-card-consumer-group through explicit `LeaveGroup`; client reason: the consumer unsubscribed from all topics (kafka.coordinator.group.GroupCoordinator)
[2025-01-14 23:10:26,991] INFO [GroupCoordinator 0]: Group credit-card-consumer-group with generation 45 is now empty (__consumer_offsets-19) (kafka.coordinator.group.GroupCoordinator)
[2025-01-14 23:10:26,995] INFO [GroupCoordinator 0]: Member MemberMetadata(memberId=consumer-credit-card-consumer-group-1-e796817d-78aa-4510-8ee4-3eb9824ff1e4, groupInstanceId=None, clientId=consumer-credit-card-consumer-group-1, clientHost=/192.168.1.25, sessionTimeoutMs=45000, rebalanceTimeoutMs=300000, supportedProtocols=List(range, cooperative-sticky)) has left group credit-card-consumer-group through explicit `LeaveGroup`; client reason: the consumer unsubscribed from all topics (kafka.coordinator.group.GroupCoordinator)
[2025-01-14 23:10:29,909] INFO [GroupCoordinator 0]: Dynamic member with unknown member id joins group credit-card-consumer-group in Empty state. Created a new member id consumer-credit-card-consumer-group-3-4c5196c0-b054-4529-92fb-3b87c381d035 and request the member to rejoin with this id. (kafka.coordinator.group.GroupCoordinator)
[2025-01-14 23:10:29,910] INFO [GroupCoordinator 0]: Dynamic member with unknown member id joins group credit-card-consumer-group in Empty state. Created a new member id consumer-credit-card-consumer-group-1-6fcd6497-0dc3-49a6-8db5-6d6b80d881c6 and request the member to rejoin with this id. (kafka.coordinator.group.GroupCoordinator)
[2025-01-14 23:10:29,911] INFO [GroupCoordinator 0]: Dynamic member with unknown member id joins group credit-card-consumer-group in Empty state. Created a new member id consumer-credit-card-consumer-group-4-b8328bb9-c9ab-4e12-87cd-75d7e347e645 and request the member to rejoin with this id. (kafka.coordinator.group.GroupCoordinator)
[2025-01-14 23:10:29,912] INFO [GroupCoordinator 0]: Dynamic member with unknown member id joins group credit-card-consumer-group in Empty state. Created a new member id consumer-credit-card-consumer-group-2-1d25614e-8d9c-44d5-bc92-db9b8697c956 and request the member to rejoin with this id. (kafka.coordinator.group.GroupCoordinator)
[2025-01-14 23:10:29,914] INFO [GroupCoordinator 0]: Preparing to rebalance group credit-card-consumer-group in state PreparingRebalance with old generation 45 (__consumer_offsets-19) (reason: Adding new member consumer-credit-card-consumer-group-3-4c5196c0-b054-4529-92fb-3b87c381d035 with group instance id None; client reason: rebalance failed due to MemberIdRequiredException) (kafka.coordinator.group.GroupCoordinator)
[2025-01-14 23:10:29,914] INFO [GroupCoordinator 0]: Stabilized group credit-card-consumer-group generation 46 (__consumer_offsets-19) with 2 members (kafka.coordinator.group.GroupCoordinator)
[2025-01-14 23:10:29,915] INFO [GroupCoordinator 0]: Preparing to rebalance group credit-card-consumer-group in state PreparingRebalance with old generation 46 (__consumer_offsets-19) (reason: Adding new member consumer-credit-card-consumer-group-4-b8328bb9-c9ab-4e12-87cd-75d7e347e645 with group instance id None; client reason: rebalance failed due to MemberIdRequiredException) (kafka.coordinator.group.GroupCoordinator)
[2025-01-14 23:10:29,924] INFO [GroupCoordinator 0]: Stabilized group credit-card-consumer-group generation 47 (__consumer_offsets-19) with 4 members (kafka.coordinator.group.GroupCoordinator)
[2025-01-14 23:10:29,928] INFO [GroupCoordinator 0]: Assignment received from leader consumer-credit-card-consumer-group-3-4c5196c0-b054-4529-92fb-3b87c381d035 for group credit-card-consumer-group for generation 47. The group has 4 members, 0 of which are static. (kafka.coordinator.group.GroupCoordinator)
[2025-01-14 23:17:33,576] INFO [GroupCoordinator 0]: Preparing to rebalance group credit-card-consumer-group in state PreparingRebalance with old generation 47 (__consumer_offsets-19) (reason: Removing member consumer-credit-card-consumer-group-4-b8328bb9-c9ab-4e12-87cd-75d7e347e645 on LeaveGroup; client reason: the consumer unsubscribed from all topics) (kafka.coordinator.group.GroupCoordinator)
[2025-01-14 23:17:33,577] INFO [GroupCoordinator 0]: Member MemberMetadata(memberId=consumer-credit-card-consumer-group-4-b8328bb9-c9ab-4e12-87cd-75d7e347e645, groupInstanceId=None, clientId=consumer-credit-card-consumer-group-4, clientHost=/192.168.1.25, sessionTimeoutMs=45000, rebalanceTimeoutMs=300000, supportedProtocols=List(range, cooperative-sticky)) has left group credit-card-consumer-group through explicit `LeaveGroup`; client reason: the consumer unsubscribed from all topics (kafka.coordinator.group.GroupCoordinator)
[2025-01-14 23:17:33,577] INFO [GroupCoordinator 0]: Member MemberMetadata(memberId=consumer-credit-card-consumer-group-3-4c5196c0-b054-4529-92fb-3b87c381d035, groupInstanceId=None, clientId=consumer-credit-card-consumer-group-3, clientHost=/192.168.1.25, sessionTimeoutMs=45000, rebalanceTimeoutMs=300000, supportedProtocols=List(range, cooperative-sticky)) has left group credit-card-consumer-group through explicit `LeaveGroup`; client reason: the consumer unsubscribed from all topics (kafka.coordinator.group.GroupCoordinator)
[2025-01-14 23:17:33,578] INFO [GroupCoordinator 0]: Member MemberMetadata(memberId=consumer-credit-card-consumer-group-2-1d25614e-8d9c-44d5-bc92-db9b8697c956, groupInstanceId=None, clientId=consumer-credit-card-consumer-group-2, clientHost=/192.168.1.25, sessionTimeoutMs=45000, rebalanceTimeoutMs=300000, supportedProtocols=List(range, cooperative-sticky)) has left group credit-card-consumer-group through explicit `LeaveGroup`; client reason: the consumer unsubscribed from all topics (kafka.coordinator.group.GroupCoordinator)
[2025-01-14 23:17:33,579] INFO [GroupCoordinator 0]: Group credit-card-consumer-group with generation 48 is now empty (__consumer_offsets-19) (kafka.coordinator.group.GroupCoordinator)
[2025-01-14 23:17:33,590] INFO [GroupCoordinator 0]: Member MemberMetadata(memberId=consumer-credit-card-consumer-group-1-6fcd6497-0dc3-49a6-8db5-6d6b80d881c6, groupInstanceId=None, clientId=consumer-credit-card-consumer-group-1, clientHost=/192.168.1.25, sessionTimeoutMs=45000, rebalanceTimeoutMs=300000, supportedProtocols=List(range, cooperative-sticky)) has left group credit-card-consumer-group through explicit `LeaveGroup`; client reason: the consumer unsubscribed from all topics (kafka.coordinator.group.GroupCoordinator)
[2025-01-14 23:17:36,755] INFO [GroupCoordinator 0]: Dynamic member with unknown member id joins group credit-card-consumer-group in Empty state. Created a new member id consumer-credit-card-consumer-group-1-4651d5a4-de76-40e2-b8a8-8b98cfcb960d and request the member to rejoin with this id. (kafka.coordinator.group.GroupCoordinator)
[2025-01-14 23:17:36,756] INFO [GroupCoordinator 0]: Dynamic member with unknown member id joins group credit-card-consumer-group in Empty state. Created a new member id consumer-credit-card-consumer-group-2-8367f4b3-ed0a-4c99-8472-f0f7bfc32ca2 and request the member to rejoin with this id. (kafka.coordinator.group.GroupCoordinator)
[2025-01-14 23:17:36,756] INFO [GroupCoordinator 0]: Dynamic member with unknown member id joins group credit-card-consumer-group in Empty state. Created a new member id consumer-credit-card-consumer-group-3-bf353486-50cf-4dbe-a0be-bae2b3e623df and request the member to rejoin with this id. (kafka.coordinator.group.GroupCoordinator)
[2025-01-14 23:17:36,756] INFO [GroupCoordinator 0]: Dynamic member with unknown member id joins group credit-card-consumer-group in Empty state. Created a new member id consumer-credit-card-consumer-group-4-d6f58a2b-69b7-4a6d-a624-503a9fd2b9bb and request the member to rejoin with this id. (kafka.coordinator.group.GroupCoordinator)
[2025-01-14 23:17:36,758] INFO [GroupCoordinator 0]: Preparing to rebalance group credit-card-consumer-group in state PreparingRebalance with old generation 48 (__consumer_offsets-19) (reason: Adding new member consumer-credit-card-consumer-group-1-4651d5a4-de76-40e2-b8a8-8b98cfcb960d with group instance id None; client reason: rebalance failed due to MemberIdRequiredException) (kafka.coordinator.group.GroupCoordinator)
[2025-01-14 23:17:36,759] INFO [GroupCoordinator 0]: Stabilized group credit-card-consumer-group generation 49 (__consumer_offsets-19) with 2 members (kafka.coordinator.group.GroupCoordinator)
[2025-01-14 23:17:36,759] INFO [GroupCoordinator 0]: Preparing to rebalance group credit-card-consumer-group in state PreparingRebalance with old generation 49 (__consumer_offsets-19) (reason: Adding new member consumer-credit-card-consumer-group-3-bf353486-50cf-4dbe-a0be-bae2b3e623df with group instance id None; client reason: rebalance failed due to MemberIdRequiredException) (kafka.coordinator.group.GroupCoordinator)
[2025-01-14 23:17:36,770] INFO [GroupCoordinator 0]: Stabilized group credit-card-consumer-group generation 50 (__consumer_offsets-19) with 4 members (kafka.coordinator.group.GroupCoordinator)
[2025-01-14 23:17:36,772] INFO [GroupCoordinator 0]: Assignment received from leader consumer-credit-card-consumer-group-1-4651d5a4-de76-40e2-b8a8-8b98cfcb960d for group credit-card-consumer-group for generation 50. The group has 4 members, 0 of which are static. (kafka.coordinator.group.GroupCoordinator)
[2025-01-14 23:19:07,587] INFO [GroupCoordinator 0]: Preparing to rebalance group credit-card-consumer-group in state PreparingRebalance with old generation 50 (__consumer_offsets-19) (reason: Removing member consumer-credit-card-consumer-group-2-8367f4b3-ed0a-4c99-8472-f0f7bfc32ca2 on LeaveGroup; client reason: the consumer unsubscribed from all topics) (kafka.coordinator.group.GroupCoordinator)
[2025-01-14 23:19:07,588] INFO [GroupCoordinator 0]: Member MemberMetadata(memberId=consumer-credit-card-consumer-group-2-8367f4b3-ed0a-4c99-8472-f0f7bfc32ca2, groupInstanceId=None, clientId=consumer-credit-card-consumer-group-2, clientHost=/192.168.1.25, sessionTimeoutMs=45000, rebalanceTimeoutMs=300000, supportedProtocols=List(range, cooperative-sticky)) has left group credit-card-consumer-group through explicit `LeaveGroup`; client reason: the consumer unsubscribed from all topics (kafka.coordinator.group.GroupCoordinator)
[2025-01-14 23:19:07,588] INFO [GroupCoordinator 0]: Member MemberMetadata(memberId=consumer-credit-card-consumer-group-1-4651d5a4-de76-40e2-b8a8-8b98cfcb960d, groupInstanceId=None, clientId=consumer-credit-card-consumer-group-1, clientHost=/192.168.1.25, sessionTimeoutMs=45000, rebalanceTimeoutMs=300000, supportedProtocols=List(range, cooperative-sticky)) has left group credit-card-consumer-group through explicit `LeaveGroup`; client reason: the consumer unsubscribed from all topics (kafka.coordinator.group.GroupCoordinator)
[2025-01-14 23:19:07,589] INFO [GroupCoordinator 0]: Member MemberMetadata(memberId=consumer-credit-card-consumer-group-3-bf353486-50cf-4dbe-a0be-bae2b3e623df, groupInstanceId=None, clientId=consumer-credit-card-consumer-group-3, clientHost=/192.168.1.25, sessionTimeoutMs=45000, rebalanceTimeoutMs=300000, supportedProtocols=List(range, cooperative-sticky)) has left group credit-card-consumer-group through explicit `LeaveGroup`; client reason: the consumer unsubscribed from all topics (kafka.coordinator.group.GroupCoordinator)
[2025-01-14 23:19:07,589] INFO [GroupCoordinator 0]: Group credit-card-consumer-group with generation 51 is now empty (__consumer_offsets-19) (kafka.coordinator.group.GroupCoordinator)
[2025-01-14 23:19:07,591] INFO [GroupCoordinator 0]: Member MemberMetadata(memberId=consumer-credit-card-consumer-group-4-d6f58a2b-69b7-4a6d-a624-503a9fd2b9bb, groupInstanceId=None, clientId=consumer-credit-card-consumer-group-4, clientHost=/192.168.1.25, sessionTimeoutMs=45000, rebalanceTimeoutMs=300000, supportedProtocols=List(range, cooperative-sticky)) has left group credit-card-consumer-group through explicit `LeaveGroup`; client reason: the consumer unsubscribed from all topics (kafka.coordinator.group.GroupCoordinator)
[2025-01-14 23:22:33,128] INFO [GroupCoordinator 0]: Dynamic member with unknown member id joins group credit-card-consumer-group in Empty state. Created a new member id consumer-credit-card-consumer-group-2-9bcd7521-8d7c-4208-9248-9d35d86b9d26 and request the member to rejoin with this id. (kafka.coordinator.group.GroupCoordinator)
[2025-01-14 23:22:33,128] INFO [GroupCoordinator 0]: Dynamic member with unknown member id joins group credit-card-consumer-group in Empty state. Created a new member id consumer-credit-card-consumer-group-4-55599904-4c93-4384-9db7-d862316f51aa and request the member to rejoin with this id. (kafka.coordinator.group.GroupCoordinator)
[2025-01-14 23:22:33,129] INFO [GroupCoordinator 0]: Dynamic member with unknown member id joins group credit-card-consumer-group in Empty state. Created a new member id consumer-credit-card-consumer-group-1-1255b11e-e6c9-484a-8d1b-508d2c55b9ec and request the member to rejoin with this id. (kafka.coordinator.group.GroupCoordinator)
[2025-01-14 23:22:33,129] INFO [GroupCoordinator 0]: Dynamic member with unknown member id joins group credit-card-consumer-group in Empty state. Created a new member id consumer-credit-card-consumer-group-3-183851d2-2273-4596-9cc9-537cf9618e5e and request the member to rejoin with this id. (kafka.coordinator.group.GroupCoordinator)
[2025-01-14 23:22:33,129] INFO [GroupCoordinator 0]: Preparing to rebalance group credit-card-consumer-group in state PreparingRebalance with old generation 51 (__consumer_offsets-19) (reason: Adding new member consumer-credit-card-consumer-group-2-9bcd7521-8d7c-4208-9248-9d35d86b9d26 with group instance id None; client reason: rebalance failed due to MemberIdRequiredException) (kafka.coordinator.group.GroupCoordinator)
[2025-01-14 23:22:33,130] INFO [GroupCoordinator 0]: Stabilized group credit-card-consumer-group generation 52 (__consumer_offsets-19) with 2 members (kafka.coordinator.group.GroupCoordinator)
[2025-01-14 23:22:33,130] INFO [GroupCoordinator 0]: Preparing to rebalance group credit-card-consumer-group in state PreparingRebalance with old generation 52 (__consumer_offsets-19) (reason: Adding new member consumer-credit-card-consumer-group-1-1255b11e-e6c9-484a-8d1b-508d2c55b9ec with group instance id None; client reason: rebalance failed due to MemberIdRequiredException) (kafka.coordinator.group.GroupCoordinator)
[2025-01-14 23:22:33,139] INFO [GroupCoordinator 0]: Stabilized group credit-card-consumer-group generation 53 (__consumer_offsets-19) with 4 members (kafka.coordinator.group.GroupCoordinator)
[2025-01-14 23:22:33,142] INFO [GroupCoordinator 0]: Assignment received from leader consumer-credit-card-consumer-group-2-9bcd7521-8d7c-4208-9248-9d35d86b9d26 for group credit-card-consumer-group for generation 53. The group has 4 members, 0 of which are static. (kafka.coordinator.group.GroupCoordinator)
[2025-01-14 23:24:48,768] INFO [GroupCoordinator 0]: Preparing to rebalance group credit-card-consumer-group in state PreparingRebalance with old generation 53 (__consumer_offsets-19) (reason: Removing member consumer-credit-card-consumer-group-4-55599904-4c93-4384-9db7-d862316f51aa on LeaveGroup; client reason: the consumer unsubscribed from all topics) (kafka.coordinator.group.GroupCoordinator)
[2025-01-14 23:24:48,769] INFO [GroupCoordinator 0]: Member MemberMetadata(memberId=consumer-credit-card-consumer-group-4-55599904-4c93-4384-9db7-d862316f51aa, groupInstanceId=None, clientId=consumer-credit-card-consumer-group-4, clientHost=/192.168.1.25, sessionTimeoutMs=45000, rebalanceTimeoutMs=300000, supportedProtocols=List(range, cooperative-sticky)) has left group credit-card-consumer-group through explicit `LeaveGroup`; client reason: the consumer unsubscribed from all topics (kafka.coordinator.group.GroupCoordinator)
[2025-01-14 23:24:48,769] INFO [GroupCoordinator 0]: Member MemberMetadata(memberId=consumer-credit-card-consumer-group-1-1255b11e-e6c9-484a-8d1b-508d2c55b9ec, groupInstanceId=None, clientId=consumer-credit-card-consumer-group-1, clientHost=/192.168.1.25, sessionTimeoutMs=45000, rebalanceTimeoutMs=300000, supportedProtocols=List(range, cooperative-sticky)) has left group credit-card-consumer-group through explicit `LeaveGroup`; client reason: the consumer unsubscribed from all topics (kafka.coordinator.group.GroupCoordinator)
[2025-01-14 23:24:48,770] INFO [GroupCoordinator 0]: Member MemberMetadata(memberId=consumer-credit-card-consumer-group-2-9bcd7521-8d7c-4208-9248-9d35d86b9d26, groupInstanceId=None, clientId=consumer-credit-card-consumer-group-2, clientHost=/192.168.1.25, sessionTimeoutMs=45000, rebalanceTimeoutMs=300000, supportedProtocols=List(range, cooperative-sticky)) has left group credit-card-consumer-group through explicit `LeaveGroup`; client reason: the consumer unsubscribed from all topics (kafka.coordinator.group.GroupCoordinator)
[2025-01-14 23:24:48,771] INFO [GroupCoordinator 0]: Group credit-card-consumer-group with generation 54 is now empty (__consumer_offsets-19) (kafka.coordinator.group.GroupCoordinator)
[2025-01-14 23:24:48,774] INFO [GroupCoordinator 0]: Member MemberMetadata(memberId=consumer-credit-card-consumer-group-3-183851d2-2273-4596-9cc9-537cf9618e5e, groupInstanceId=None, clientId=consumer-credit-card-consumer-group-3, clientHost=/192.168.1.25, sessionTimeoutMs=45000, rebalanceTimeoutMs=300000, supportedProtocols=List(range, cooperative-sticky)) has left group credit-card-consumer-group through explicit `LeaveGroup`; client reason: the consumer unsubscribed from all topics (kafka.coordinator.group.GroupCoordinator)
[2025-01-14 23:24:51,965] INFO [GroupCoordinator 0]: Dynamic member with unknown member id joins group credit-card-consumer-group in Empty state. Created a new member id consumer-credit-card-consumer-group-3-3817db49-8830-4189-9dbe-ce83a623449b and request the member to rejoin with this id. (kafka.coordinator.group.GroupCoordinator)
[2025-01-14 23:24:51,966] INFO [GroupCoordinator 0]: Dynamic member with unknown member id joins group credit-card-consumer-group in Empty state. Created a new member id consumer-credit-card-consumer-group-1-fd57ebff-85a3-4043-b336-44c9cc07a1c6 and request the member to rejoin with this id. (kafka.coordinator.group.GroupCoordinator)
[2025-01-14 23:24:51,966] INFO [GroupCoordinator 0]: Dynamic member with unknown member id joins group credit-card-consumer-group in Empty state. Created a new member id consumer-credit-card-consumer-group-2-a3895cfa-c040-4b27-a677-d96965ffe452 and request the member to rejoin with this id. (kafka.coordinator.group.GroupCoordinator)
[2025-01-14 23:24:51,966] INFO [GroupCoordinator 0]: Dynamic member with unknown member id joins group credit-card-consumer-group in Empty state. Created a new member id consumer-credit-card-consumer-group-4-fc2c3c62-6456-4c4e-bcb5-dde3126d69c9 and request the member to rejoin with this id. (kafka.coordinator.group.GroupCoordinator)
[2025-01-14 23:24:51,966] INFO [GroupCoordinator 0]: Preparing to rebalance group credit-card-consumer-group in state PreparingRebalance with old generation 54 (__consumer_offsets-19) (reason: Adding new member consumer-credit-card-consumer-group-3-3817db49-8830-4189-9dbe-ce83a623449b with group instance id None; client reason: rebalance failed due to MemberIdRequiredException) (kafka.coordinator.group.GroupCoordinator)
[2025-01-14 23:24:51,967] INFO [GroupCoordinator 0]: Stabilized group credit-card-consumer-group generation 55 (__consumer_offsets-19) with 4 members (kafka.coordinator.group.GroupCoordinator)
[2025-01-14 23:24:51,974] INFO [GroupCoordinator 0]: Assignment received from leader consumer-credit-card-consumer-group-3-3817db49-8830-4189-9dbe-ce83a623449b for group credit-card-consumer-group for generation 55. The group has 4 members, 0 of which are static. (kafka.coordinator.group.GroupCoordinator)
[2025-01-14 23:29:54,493] INFO [GroupCoordinator 0]: Preparing to rebalance group credit-card-consumer-group in state PreparingRebalance with old generation 55 (__consumer_offsets-19) (reason: Removing member consumer-credit-card-consumer-group-3-3817db49-8830-4189-9dbe-ce83a623449b on LeaveGroup; client reason: the consumer unsubscribed from all topics) (kafka.coordinator.group.GroupCoordinator)
[2025-01-14 23:29:54,495] INFO [GroupCoordinator 0]: Member MemberMetadata(memberId=consumer-credit-card-consumer-group-3-3817db49-8830-4189-9dbe-ce83a623449b, groupInstanceId=None, clientId=consumer-credit-card-consumer-group-3, clientHost=/192.168.1.25, sessionTimeoutMs=45000, rebalanceTimeoutMs=300000, supportedProtocols=List(range, cooperative-sticky)) has left group credit-card-consumer-group through explicit `LeaveGroup`; client reason: the consumer unsubscribed from all topics (kafka.coordinator.group.GroupCoordinator)
[2025-01-14 23:29:54,496] INFO [GroupCoordinator 0]: Member MemberMetadata(memberId=consumer-credit-card-consumer-group-4-fc2c3c62-6456-4c4e-bcb5-dde3126d69c9, groupInstanceId=None, clientId=consumer-credit-card-consumer-group-4, clientHost=/192.168.1.25, sessionTimeoutMs=45000, rebalanceTimeoutMs=300000, supportedProtocols=List(range, cooperative-sticky)) has left group credit-card-consumer-group through explicit `LeaveGroup`; client reason: the consumer unsubscribed from all topics (kafka.coordinator.group.GroupCoordinator)
[2025-01-14 23:29:54,496] INFO [GroupCoordinator 0]: Member MemberMetadata(memberId=consumer-credit-card-consumer-group-2-a3895cfa-c040-4b27-a677-d96965ffe452, groupInstanceId=None, clientId=consumer-credit-card-consumer-group-2, clientHost=/192.168.1.25, sessionTimeoutMs=45000, rebalanceTimeoutMs=300000, supportedProtocols=List(range, cooperative-sticky)) has left group credit-card-consumer-group through explicit `LeaveGroup`; client reason: the consumer unsubscribed from all topics (kafka.coordinator.group.GroupCoordinator)
[2025-01-14 23:29:54,497] INFO [GroupCoordinator 0]: Group credit-card-consumer-group with generation 56 is now empty (__consumer_offsets-19) (kafka.coordinator.group.GroupCoordinator)
[2025-01-14 23:29:54,504] INFO [GroupCoordinator 0]: Member MemberMetadata(memberId=consumer-credit-card-consumer-group-1-fd57ebff-85a3-4043-b336-44c9cc07a1c6, groupInstanceId=None, clientId=consumer-credit-card-consumer-group-1, clientHost=/192.168.1.25, sessionTimeoutMs=45000, rebalanceTimeoutMs=300000, supportedProtocols=List(range, cooperative-sticky)) has left group credit-card-consumer-group through explicit `LeaveGroup`; client reason: the consumer unsubscribed from all topics (kafka.coordinator.group.GroupCoordinator)
[2025-01-14 23:29:57,859] INFO [GroupCoordinator 0]: Dynamic member with unknown member id joins group credit-card-consumer-group in Empty state. Created a new member id consumer-credit-card-consumer-group-2-e12f5e44-16de-4f04-a413-30435d3cf149 and request the member to rejoin with this id. (kafka.coordinator.group.GroupCoordinator)
[2025-01-14 23:29:57,859] INFO [GroupCoordinator 0]: Dynamic member with unknown member id joins group credit-card-consumer-group in Empty state. Created a new member id consumer-credit-card-consumer-group-4-90b9dcef-dfad-4755-a83c-1a6a197cd5d1 and request the member to rejoin with this id. (kafka.coordinator.group.GroupCoordinator)
[2025-01-14 23:29:57,859] INFO [GroupCoordinator 0]: Dynamic member with unknown member id joins group credit-card-consumer-group in Empty state. Created a new member id consumer-credit-card-consumer-group-1-b2993ed0-a566-4e4a-b117-45f04f9a2a27 and request the member to rejoin with this id. (kafka.coordinator.group.GroupCoordinator)
[2025-01-14 23:29:57,860] INFO [GroupCoordinator 0]: Dynamic member with unknown member id joins group credit-card-consumer-group in Empty state. Created a new member id consumer-credit-card-consumer-group-3-b17fa203-c709-40fd-b9b7-569021bff1c2 and request the member to rejoin with this id. (kafka.coordinator.group.GroupCoordinator)
[2025-01-14 23:29:57,860] INFO [GroupCoordinator 0]: Preparing to rebalance group credit-card-consumer-group in state PreparingRebalance with old generation 56 (__consumer_offsets-19) (reason: Adding new member consumer-credit-card-consumer-group-4-90b9dcef-dfad-4755-a83c-1a6a197cd5d1 with group instance id None; client reason: rebalance failed due to MemberIdRequiredException) (kafka.coordinator.group.GroupCoordinator)
[2025-01-14 23:29:57,861] INFO [GroupCoordinator 0]: Stabilized group credit-card-consumer-group generation 57 (__consumer_offsets-19) with 4 members (kafka.coordinator.group.GroupCoordinator)
[2025-01-14 23:29:57,869] INFO [GroupCoordinator 0]: Assignment received from leader consumer-credit-card-consumer-group-4-90b9dcef-dfad-4755-a83c-1a6a197cd5d1 for group credit-card-consumer-group for generation 57. The group has 4 members, 0 of which are static. (kafka.coordinator.group.GroupCoordinator)
[2025-01-14 23:36:18,432] WARN Session 0x10005b4cd300000 for server localhost/127.0.0.1:2181, Closing socket connection. Attempting reconnect except it is a SessionExpiredException. (org.apache.zookeeper.ClientCnxn)
EndOfStreamException: Unable to read additional data from server sessionid 0x10005b4cd300000, likely server has closed socket
	at org.apache.zookeeper.ClientCnxnSocketNIO.doIO(ClientCnxnSocketNIO.java:77)
	at org.apache.zookeeper.ClientCnxnSocketNIO.doTransport(ClientCnxnSocketNIO.java:350)
	at org.apache.zookeeper.ClientCnxn$SendThread.run(ClientCnxn.java:1289)
[2025-01-14 23:36:18,616] ERROR Unable to resolve address: zookeeper/<unresolved>:2181 (org.apache.zookeeper.client.StaticHostProvider)
java.net.UnknownHostException: zookeeper: nodename nor servname provided, or not known
	at java.base/java.net.Inet6AddressImpl.lookupAllHostAddr(Native Method)
	at java.base/java.net.Inet6AddressImpl.lookupAllHostAddr(Inet6AddressImpl.java:52)
	at java.base/java.net.InetAddress$PlatformResolver.lookupByName(InetAddress.java:1211)
	at java.base/java.net.InetAddress.getAddressesFromNameService(InetAddress.java:1828)
	at java.base/java.net.InetAddress$NameServiceAddresses.get(InetAddress.java:1139)
	at java.base/java.net.InetAddress.getAllByName0(InetAddress.java:1818)
	at java.base/java.net.InetAddress.getAllByName(InetAddress.java:1688)
	at org.apache.zookeeper.client.StaticHostProvider$1.getAllByName(StaticHostProvider.java:88)
	at org.apache.zookeeper.client.StaticHostProvider.resolve(StaticHostProvider.java:141)
	at org.apache.zookeeper.client.StaticHostProvider.next(StaticHostProvider.java:368)
	at org.apache.zookeeper.ClientCnxn$SendThread.run(ClientCnxn.java:1204)
[2025-01-14 23:36:18,966] INFO Opening socket connection to server zookeeper/<unresolved>:2181. (org.apache.zookeeper.ClientCnxn)
[2025-01-14 23:36:18,968] ERROR Unable to open socket to zookeeper/<unresolved>:2181 (org.apache.zookeeper.ClientCnxnSocketNIO)
[2025-01-14 23:36:18,968] WARN Session 0x10005b4cd300000 for server zookeeper/<unresolved>:2181, Closing socket connection. Attempting reconnect except it is a SessionExpiredException. (org.apache.zookeeper.ClientCnxn)
java.nio.channels.UnresolvedAddressException
	at java.base/sun.nio.ch.Net.checkAddress(Net.java:137)
	at java.base/sun.nio.ch.Net.checkAddress(Net.java:145)
	at java.base/sun.nio.ch.SocketChannelImpl.checkRemote(SocketChannelImpl.java:842)
	at java.base/sun.nio.ch.SocketChannelImpl.connect(SocketChannelImpl.java:865)
	at org.apache.zookeeper.ClientCnxnSocketNIO.registerAndConnect(ClientCnxnSocketNIO.java:260)
	at org.apache.zookeeper.ClientCnxnSocketNIO.connect(ClientCnxnSocketNIO.java:270)
	at org.apache.zookeeper.ClientCnxn$SendThread.startConnect(ClientCnxn.java:1173)
	at org.apache.zookeeper.ClientCnxn$SendThread.run(ClientCnxn.java:1207)
[2025-01-14 23:36:20,374] INFO Terminating process due to signal SIGINT (org.apache.kafka.common.utils.LoggingSignalHandler)
[2025-01-14 23:36:20,380] INFO [KafkaServer id=0] shutting down (kafka.server.KafkaServer)
[2025-01-14 23:36:20,384] INFO [KafkaServer id=0] Starting controlled shutdown (kafka.server.KafkaServer)
[2025-01-14 23:36:20,419] INFO [KafkaServer id=0] Controlled shutdown request returned successfully after 30ms (kafka.server.KafkaServer)
[2025-01-14 23:36:20,423] INFO [/config/changes-event-process-thread]: Shutting down (kafka.common.ZkNodeChangeNotificationListener$ChangeEventProcessThread)
[2025-01-14 23:36:20,423] INFO [/config/changes-event-process-thread]: Stopped (kafka.common.ZkNodeChangeNotificationListener$ChangeEventProcessThread)
[2025-01-14 23:36:20,423] INFO [/config/changes-event-process-thread]: Shutdown completed (kafka.common.ZkNodeChangeNotificationListener$ChangeEventProcessThread)
[2025-01-14 23:36:20,424] INFO [SocketServer listenerType=ZK_BROKER, nodeId=0] Stopping socket server request processors (kafka.network.SocketServer)
[2025-01-14 23:36:20,429] INFO [SocketServer listenerType=ZK_BROKER, nodeId=0] Stopped socket server request processors (kafka.network.SocketServer)
[2025-01-14 23:36:20,429] INFO [data-plane Kafka Request Handler on Broker 0], shutting down (kafka.server.KafkaRequestHandlerPool)
[2025-01-14 23:36:20,430] INFO [data-plane Kafka Request Handler on Broker 0], shut down completely (kafka.server.KafkaRequestHandlerPool)
[2025-01-14 23:36:20,431] INFO [ExpirationReaper-0-AlterAcls]: Shutting down (kafka.server.DelayedOperationPurgatory$ExpiredOperationReaper)
[2025-01-14 23:36:20,432] INFO [ExpirationReaper-0-AlterAcls]: Stopped (kafka.server.DelayedOperationPurgatory$ExpiredOperationReaper)
[2025-01-14 23:36:20,432] INFO [ExpirationReaper-0-AlterAcls]: Shutdown completed (kafka.server.DelayedOperationPurgatory$ExpiredOperationReaper)
[2025-01-14 23:36:20,432] INFO [KafkaApi-0] Shutdown complete. (kafka.server.KafkaApis)
[2025-01-14 23:36:20,432] INFO [ExpirationReaper-0-topic]: Shutting down (kafka.server.DelayedOperationPurgatory$ExpiredOperationReaper)
[2025-01-14 23:36:20,432] INFO [ExpirationReaper-0-topic]: Stopped (kafka.server.DelayedOperationPurgatory$ExpiredOperationReaper)
[2025-01-14 23:36:20,432] INFO [ExpirationReaper-0-topic]: Shutdown completed (kafka.server.DelayedOperationPurgatory$ExpiredOperationReaper)
[2025-01-14 23:36:20,433] INFO [TransactionCoordinator id=0] Shutting down. (kafka.coordinator.transaction.TransactionCoordinator)
[2025-01-14 23:36:20,434] INFO [Transaction State Manager 0]: Shutdown complete (kafka.coordinator.transaction.TransactionStateManager)
[2025-01-14 23:36:20,434] INFO [TxnMarkerSenderThread-0]: Shutting down (kafka.coordinator.transaction.TransactionMarkerChannelManager)
[2025-01-14 23:36:20,434] INFO [TxnMarkerSenderThread-0]: Stopped (kafka.coordinator.transaction.TransactionMarkerChannelManager)
[2025-01-14 23:36:20,434] INFO [TxnMarkerSenderThread-0]: Shutdown completed (kafka.coordinator.transaction.TransactionMarkerChannelManager)
[2025-01-14 23:36:20,434] INFO [TransactionCoordinator id=0] Shutdown complete. (kafka.coordinator.transaction.TransactionCoordinator)
[2025-01-14 23:36:20,435] INFO [GroupCoordinator 0]: Shutting down. (kafka.coordinator.group.GroupCoordinator)
[2025-01-14 23:36:20,435] INFO [ExpirationReaper-0-Heartbeat]: Shutting down (kafka.server.DelayedOperationPurgatory$ExpiredOperationReaper)
[2025-01-14 23:36:20,435] INFO [ExpirationReaper-0-Heartbeat]: Stopped (kafka.server.DelayedOperationPurgatory$ExpiredOperationReaper)
[2025-01-14 23:36:20,435] INFO [ExpirationReaper-0-Heartbeat]: Shutdown completed (kafka.server.DelayedOperationPurgatory$ExpiredOperationReaper)
[2025-01-14 23:36:20,435] INFO [ExpirationReaper-0-Rebalance]: Shutting down (kafka.server.DelayedOperationPurgatory$ExpiredOperationReaper)
[2025-01-14 23:36:20,435] INFO [ExpirationReaper-0-Rebalance]: Stopped (kafka.server.DelayedOperationPurgatory$ExpiredOperationReaper)
[2025-01-14 23:36:20,435] INFO [ExpirationReaper-0-Rebalance]: Shutdown completed (kafka.server.DelayedOperationPurgatory$ExpiredOperationReaper)
[2025-01-14 23:36:20,436] INFO [GroupCoordinator 0]: Shutdown complete. (kafka.coordinator.group.GroupCoordinator)
[2025-01-14 23:36:20,436] INFO [ReplicaManager broker=0] Shutting down (kafka.server.ReplicaManager)
[2025-01-14 23:36:20,436] INFO [LogDirFailureHandler]: Shutting down (kafka.server.ReplicaManager$LogDirFailureHandler)
[2025-01-14 23:36:20,436] INFO [LogDirFailureHandler]: Stopped (kafka.server.ReplicaManager$LogDirFailureHandler)
[2025-01-14 23:36:20,436] INFO [LogDirFailureHandler]: Shutdown completed (kafka.server.ReplicaManager$LogDirFailureHandler)
[2025-01-14 23:36:20,437] INFO [ReplicaFetcherManager on broker 0] shutting down (kafka.server.ReplicaFetcherManager)
[2025-01-14 23:36:20,437] INFO [ReplicaFetcherManager on broker 0] shutdown completed (kafka.server.ReplicaFetcherManager)
[2025-01-14 23:36:20,437] INFO [ReplicaAlterLogDirsManager on broker 0] shutting down (kafka.server.ReplicaAlterLogDirsManager)
[2025-01-14 23:36:20,437] INFO [ReplicaAlterLogDirsManager on broker 0] shutdown completed (kafka.server.ReplicaAlterLogDirsManager)
[2025-01-14 23:36:20,437] INFO [ExpirationReaper-0-Fetch]: Shutting down (kafka.server.DelayedOperationPurgatory$ExpiredOperationReaper)
[2025-01-14 23:36:20,437] INFO [ExpirationReaper-0-Fetch]: Stopped (kafka.server.DelayedOperationPurgatory$ExpiredOperationReaper)
[2025-01-14 23:36:20,437] INFO [ExpirationReaper-0-Fetch]: Shutdown completed (kafka.server.DelayedOperationPurgatory$ExpiredOperationReaper)
[2025-01-14 23:36:20,437] INFO [ExpirationReaper-0-RemoteFetch]: Shutting down (kafka.server.DelayedOperationPurgatory$ExpiredOperationReaper)
[2025-01-14 23:36:20,438] INFO [ExpirationReaper-0-RemoteFetch]: Stopped (kafka.server.DelayedOperationPurgatory$ExpiredOperationReaper)
[2025-01-14 23:36:20,438] INFO [ExpirationReaper-0-RemoteFetch]: Shutdown completed (kafka.server.DelayedOperationPurgatory$ExpiredOperationReaper)
[2025-01-14 23:36:20,438] INFO [ExpirationReaper-0-Produce]: Shutting down (kafka.server.DelayedOperationPurgatory$ExpiredOperationReaper)
[2025-01-14 23:36:20,438] INFO [ExpirationReaper-0-Produce]: Stopped (kafka.server.DelayedOperationPurgatory$ExpiredOperationReaper)
[2025-01-14 23:36:20,438] INFO [ExpirationReaper-0-Produce]: Shutdown completed (kafka.server.DelayedOperationPurgatory$ExpiredOperationReaper)
[2025-01-14 23:36:20,438] INFO [ExpirationReaper-0-DeleteRecords]: Shutting down (kafka.server.DelayedOperationPurgatory$ExpiredOperationReaper)
[2025-01-14 23:36:20,438] INFO [ExpirationReaper-0-DeleteRecords]: Shutdown completed (kafka.server.DelayedOperationPurgatory$ExpiredOperationReaper)
[2025-01-14 23:36:20,438] INFO [ExpirationReaper-0-DeleteRecords]: Stopped (kafka.server.DelayedOperationPurgatory$ExpiredOperationReaper)
[2025-01-14 23:36:20,438] INFO [ExpirationReaper-0-ElectLeader]: Shutting down (kafka.server.DelayedOperationPurgatory$ExpiredOperationReaper)
[2025-01-14 23:36:20,438] INFO [ExpirationReaper-0-ElectLeader]: Stopped (kafka.server.DelayedOperationPurgatory$ExpiredOperationReaper)
[2025-01-14 23:36:20,438] INFO [ExpirationReaper-0-ElectLeader]: Shutdown completed (kafka.server.DelayedOperationPurgatory$ExpiredOperationReaper)
[2025-01-14 23:36:20,458] INFO [AddPartitionsToTxnSenderThread-0]: Shutting down (kafka.server.AddPartitionsToTxnManager)
[2025-01-14 23:36:20,459] INFO [AddPartitionsToTxnSenderThread-0]: Shutdown completed (kafka.server.AddPartitionsToTxnManager)
[2025-01-14 23:36:20,459] INFO [AddPartitionsToTxnSenderThread-0]: Stopped (kafka.server.AddPartitionsToTxnManager)
[2025-01-14 23:36:20,459] INFO [ReplicaManager broker=0] Shut down completely (kafka.server.ReplicaManager)
[2025-01-14 23:36:20,460] INFO [zk-broker-0-to-controller-alter-partition-channel-manager]: Shutting down (kafka.server.BrokerToControllerRequestThread)
[2025-01-14 23:36:20,460] INFO [zk-broker-0-to-controller-alter-partition-channel-manager]: Stopped (kafka.server.BrokerToControllerRequestThread)
[2025-01-14 23:36:20,460] INFO [zk-broker-0-to-controller-alter-partition-channel-manager]: Shutdown completed (kafka.server.BrokerToControllerRequestThread)
[2025-01-14 23:36:20,463] INFO Broker to controller channel manager for alter-partition shutdown (kafka.server.BrokerToControllerChannelManagerImpl)
[2025-01-14 23:36:20,463] INFO [zk-broker-0-to-controller-forwarding-channel-manager]: Shutting down (kafka.server.BrokerToControllerRequestThread)
[2025-01-14 23:36:20,464] INFO [zk-broker-0-to-controller-forwarding-channel-manager]: Stopped (kafka.server.BrokerToControllerRequestThread)
[2025-01-14 23:36:20,464] INFO [zk-broker-0-to-controller-forwarding-channel-manager]: Shutdown completed (kafka.server.BrokerToControllerRequestThread)
[2025-01-14 23:36:20,464] INFO Broker to controller channel manager for forwarding shutdown (kafka.server.BrokerToControllerChannelManagerImpl)
[2025-01-14 23:36:20,465] INFO Shutting down. (kafka.log.LogManager)
[2025-01-14 23:36:20,483] INFO [kafka-log-cleaner-thread-0]: Shutting down (kafka.log.LogCleaner$CleanerThread)
[2025-01-14 23:36:20,483] INFO [kafka-log-cleaner-thread-0]: Stopped (kafka.log.LogCleaner$CleanerThread)
[2025-01-14 23:36:20,483] INFO [kafka-log-cleaner-thread-0]: Shutdown completed (kafka.log.LogCleaner$CleanerThread)
[2025-01-14 23:36:20,637] INFO [ProducerStateManager partition=__consumer_offsets-19]Wrote producer snapshot at offset 62 with 0 producer ids in 6 ms. (org.apache.kafka.storage.internals.log.ProducerStateManager)
[2025-01-14 23:36:20,845] INFO [ProducerStateManager partition=access-logs-0]Wrote producer snapshot at offset 31 with 8 producer ids in 5 ms. (org.apache.kafka.storage.internals.log.ProducerStateManager)
[2025-01-14 23:36:20,877] INFO Opening socket connection to server localhost/[0:0:0:0:0:0:0:1]:2181. (org.apache.zookeeper.ClientCnxn)
[2025-01-14 23:36:20,879] WARN Session 0x10005b4cd300000 for server localhost/[0:0:0:0:0:0:0:1]:2181, Closing socket connection. Attempting reconnect except it is a SessionExpiredException. (org.apache.zookeeper.ClientCnxn)
java.net.ConnectException: Connection refused
	at java.base/sun.nio.ch.Net.pollConnect(Native Method)
	at java.base/sun.nio.ch.Net.pollConnectNow(Net.java:682)
	at java.base/sun.nio.ch.SocketChannelImpl.finishConnect(SocketChannelImpl.java:973)
	at org.apache.zookeeper.ClientCnxnSocketNIO.doTransport(ClientCnxnSocketNIO.java:344)
	at org.apache.zookeeper.ClientCnxn$SendThread.run(ClientCnxn.java:1289)
[2025-01-14 23:36:20,984] ERROR Unable to resolve address: zookeeper/<unresolved>:2181 (org.apache.zookeeper.client.StaticHostProvider)
java.net.UnknownHostException: zookeeper
	at java.base/java.net.InetAddress$CachedLookup.get(InetAddress.java:988)
	at java.base/java.net.InetAddress.getAllByName0(InetAddress.java:1818)
	at java.base/java.net.InetAddress.getAllByName(InetAddress.java:1688)
	at org.apache.zookeeper.client.StaticHostProvider$1.getAllByName(StaticHostProvider.java:88)
	at org.apache.zookeeper.client.StaticHostProvider.resolve(StaticHostProvider.java:141)
	at org.apache.zookeeper.client.StaticHostProvider.next(StaticHostProvider.java:368)
	at org.apache.zookeeper.ClientCnxn$SendThread.run(ClientCnxn.java:1204)
[2025-01-14 23:36:21,208] INFO Shutdown complete. (kafka.log.LogManager)
[2025-01-14 23:36:21,216] INFO [feature-zk-node-event-process-thread]: Shutting down (kafka.server.FinalizedFeatureChangeListener$ChangeNotificationProcessorThread)
[2025-01-14 23:36:21,216] INFO [feature-zk-node-event-process-thread]: Shutdown completed (kafka.server.FinalizedFeatureChangeListener$ChangeNotificationProcessorThread)
[2025-01-14 23:36:21,216] INFO [feature-zk-node-event-process-thread]: Stopped (kafka.server.FinalizedFeatureChangeListener$ChangeNotificationProcessorThread)
[2025-01-14 23:36:21,216] INFO [ZooKeeperClient Kafka server] Closing. (kafka.zookeeper.ZooKeeperClient)
[2025-01-14 23:36:21,497] INFO Opening socket connection to server zookeeper/<unresolved>:2181. (org.apache.zookeeper.ClientCnxn)
[2025-01-14 23:36:21,497] ERROR Unable to open socket to zookeeper/<unresolved>:2181 (org.apache.zookeeper.ClientCnxnSocketNIO)
[2025-01-14 23:36:21,605] INFO Session: 0x10005b4cd300000 closed (org.apache.zookeeper.ZooKeeper)
[2025-01-14 23:36:21,605] INFO EventThread shut down for session: 0x10005b4cd300000 (org.apache.zookeeper.ClientCnxn)
[2025-01-14 23:36:21,606] INFO [ZooKeeperClient Kafka server] Closed. (kafka.zookeeper.ZooKeeperClient)
[2025-01-14 23:36:21,606] INFO [ThrottledChannelReaper-Fetch]: Shutting down (kafka.server.ClientQuotaManager$ThrottledChannelReaper)
[2025-01-14 23:36:21,608] INFO [ThrottledChannelReaper-Fetch]: Stopped (kafka.server.ClientQuotaManager$ThrottledChannelReaper)
[2025-01-14 23:36:21,608] INFO [ThrottledChannelReaper-Fetch]: Shutdown completed (kafka.server.ClientQuotaManager$ThrottledChannelReaper)
[2025-01-14 23:36:21,608] INFO [ThrottledChannelReaper-Produce]: Shutting down (kafka.server.ClientQuotaManager$ThrottledChannelReaper)
[2025-01-14 23:36:21,608] INFO [ThrottledChannelReaper-Produce]: Shutdown completed (kafka.server.ClientQuotaManager$ThrottledChannelReaper)
[2025-01-14 23:36:21,608] INFO [ThrottledChannelReaper-Produce]: Stopped (kafka.server.ClientQuotaManager$ThrottledChannelReaper)
[2025-01-14 23:36:21,608] INFO [ThrottledChannelReaper-Request]: Shutting down (kafka.server.ClientQuotaManager$ThrottledChannelReaper)
[2025-01-14 23:36:21,608] INFO [ThrottledChannelReaper-Request]: Stopped (kafka.server.ClientQuotaManager$ThrottledChannelReaper)
[2025-01-14 23:36:21,608] INFO [ThrottledChannelReaper-Request]: Shutdown completed (kafka.server.ClientQuotaManager$ThrottledChannelReaper)
[2025-01-14 23:36:21,608] INFO [ThrottledChannelReaper-ControllerMutation]: Shutting down (kafka.server.ClientQuotaManager$ThrottledChannelReaper)
[2025-01-14 23:36:21,608] INFO [ThrottledChannelReaper-ControllerMutation]: Stopped (kafka.server.ClientQuotaManager$ThrottledChannelReaper)
[2025-01-14 23:36:21,608] INFO [ThrottledChannelReaper-ControllerMutation]: Shutdown completed (kafka.server.ClientQuotaManager$ThrottledChannelReaper)
[2025-01-14 23:36:21,609] INFO [SocketServer listenerType=ZK_BROKER, nodeId=0] Shutting down socket server (kafka.network.SocketServer)
[2025-01-14 23:36:21,647] INFO [SocketServer listenerType=ZK_BROKER, nodeId=0] Shutdown completed (kafka.network.SocketServer)
[2025-01-14 23:36:21,647] INFO Metrics scheduler closed (org.apache.kafka.common.metrics.Metrics)
[2025-01-14 23:36:21,647] INFO Closing reporter org.apache.kafka.common.metrics.JmxReporter (org.apache.kafka.common.metrics.Metrics)
[2025-01-14 23:36:21,648] INFO Metrics reporters closed (org.apache.kafka.common.metrics.Metrics)
[2025-01-14 23:36:21,648] INFO Broker and topic stats closed (kafka.server.BrokerTopicStats)
[2025-01-14 23:36:21,649] INFO App info kafka.server for 0 unregistered (org.apache.kafka.common.utils.AppInfoParser)
[2025-01-14 23:36:21,649] INFO [KafkaServer id=0] shut down completed (kafka.server.KafkaServer)
